
INFO:root:执行发票任务
INFO:root:文件路径--/data/ocr-file/d5cdd08d-bab5-5774-a08d-b6a71722301f
INFO:root:文件类型--pdf
ERROR:root:202408260000101001 Error: Unable to get page count. Is poppler installed and in PATH?
INFO:root:执行发票任务
INFO:root:文件路径--/data/ocr-file/d5cdd08d-bab5-5774-a08d-b6a71722301f
INFO:root:文件类型--pdf
INFO:root:pdf页数--1
INFO:root:OCR解析结果发票号码：;24117000000488868909;电子发票普通发票);开票日期：2024年08月30日;国家税务总局;北京市税务局;购买方信息;销售方信息;名称：上海中软华腾软件系统有限公司;名称：京东大药房（北京）有限公司;统一社会信用代码/纳税人识别号：913101046072786820;统一社会信用代码/纳税人识别号：91110113MA01UA2CXY;项目名称;规格型号;单位;数量;单价;金额税率/征收率;税额;*生物化学药品*药品;个;35.04;35.04;13%;4.56;*生物化学药品*药品;-0.88;13%;-0.12;计;¥34.16;¥4.44;合;价税合计(大写);叁拾捌圆陆角;（小写）¥38.60;订单号：258245513267;备;注;开票人：王梅
INFO:root:UIE解析结果{}
INFO:root:日期数据--[]
INFO:root:大写数字--[]
INFO:root:执行发票任务
INFO:root:文件路径--/data/ocr-file/d5cdd08d-bab5-5774-a08d-b6a71722301f
INFO:root:文件类型--pdf
INFO:root:pdf页数--1
INFO:root:OCR解析结果发票号码：;24117000000488868909;电子发票普通发票);开票日期：2024年08月30日;国家税务总局;北京市税务局;购买方信息;销售方信息;名称：上海中软华腾软件系统有限公司;名称：京东大药房（北京）有限公司;统一社会信用代码/纳税人识别号：913101046072786820;统一社会信用代码/纳税人识别号：91110113MA01UA2CXY;项目名称;规格型号;单位;数量;单价;金额税率/征收率;税额;*生物化学药品*药品;个;35.04;35.04;13%;4.56;*生物化学药品*药品;-0.88;13%;-0.12;计;¥34.16;¥4.44;合;价税合计(大写);叁拾捌圆陆角;（小写）¥38.60;订单号：258245513267;备;注;开票人：王梅
INFO:root:UIE解析结果{'invoice-type': [{'text': '电子发票普通发票)', 'start': 27, 'end': 36, 'probability': 0.9647590564889974}], 'invoice-no': [{'text': '发票号码：;24117000000488868909', 'start': 0, 'end': 26, 'probability': 0.9978208599687477}], 'invoice-date': [{'text': '开票日期：2024年08月30日', 'start': 37, 'end': 53, 'probability': 0.9992700951555911}], 'invoice-buyer-id': [{'text': '913101046072786820', 'start': 131, 'end': 149, 'probability': 0.9846879445472538}], 'invoice-buyer': [{'text': '上海中软华腾软件系统有限公司', 'start': 83, 'end': 97, 'probability': 0.9946280815647057}], 'invoice-amt-num': [{'text': '（小写）¥38.60', 'start': 310, 'end': 320, 'probability': 0.980812497876471}], 'invoice-seller': [{'text': '京东大药房（北京）有限公司', 'start': 101, 'end': 114, 'probability': 0.9967287016757354}], 'invoice-seller-id': [{'text': '91110113MA01UA2CXY', 'start': 166, 'end': 184, 'probability': 0.9976648511219537}], 'invoice-amt-chn': [{'text': '叁拾捌圆陆角', 'start': 303, 'end': 309, 'probability': 0.9985935626834141}], 'invoice-amt-not-tax': [{'text': '¥34.16', 'start': 279, 'end': 285, 'probability': 0.997799236027582}], 'invoice-amt-tax': [{'text': '¥4.44', 'start': 286, 'end': 291, 'probability': 0.9961342515977449}]}
INFO:root:日期数据--['2024年08月30日']
INFO:root:大写数字--叁拾捌圆陆角
INFO:root:执行发票任务
INFO:root:文件路径--/data/ocr-file/d5cdd08d-bab5-5774-a08d-b6a71722301f
INFO:root:文件类型--图片
INFO:root:矫正过程-文件路径/data/ocr-file/d5cdd08d-bab5-5774-a08d-b6a71722301f/origin.png
INFO:root:OCR解析结果重庆增值税电子专用发票;发票代码：050002000213;发票号码：04574546;国家税务总局;开票日期：2023年02月15日;重庆市税务局;机器编号：667132717017;校验码：01693862597503579999;名;称：重庆昕昕金属制品有限公司;购;密;00-/*/8185*1<*028887<111+>8-;买方;纳税人识别号：91500107MA7FRHDK3P;283>56883<15/113>13895529-58;码;地址、电话：重庆市九龙坡区石桥铺街道石新路176号1幢1-21号15086971141;/<13<>1</7272*+979*+<06*/9+2;区;开户行及账号：工商银行重庆黄桶坪支行3100026209200108876;++8+99660088+9;项目名称;规格型号;单位;数量;单价;金;额;税率;税额;*有色金属冶炼压延品*铝锭;吨;5.5;16619.4690265487;91407.08;13%;11882.92;合;计;￥91407.08;￥11882.92;价税合计（大写）;壹拾万叁仟贰佰玖拾圆整;（小写）￥103290.00;销;名;称：重庆鑫赛金属材料有限公司;纳税人识别号：91500112MA7FPJYX81;备;售;方;地址、电话：重庆市渝北区回兴街道锦华二路1号附4号15736275581;开户行及账号：中行银行重庆九龙园区支行114477979567;注;收款人：卢航;复核：高洋洋;开票人：卢航
INFO:root:UIE解析结果{'invoice-type': [{'text': '重庆增值税电子专用发票', 'start': 0, 'end': 11, 'probability': 0.9995415600862003}], 'invoice-no': [{'text': '发票号码：04574546', 'start': 30, 'end': 43, 'probability': 0.9995805461543235}], 'invoice-code': [{'text': '发票代码：050002000213', 'start': 12, 'end': 29, 'probability': 0.9994418192102046}], 'invoice-date': [{'text': '开票日期：2023年02月15日', 'start': 51, 'end': 67, 'probability': 0.9993062025571078}], 'invoice-buyer-id': [{'text': '91500107MA7FRHDK3P', 'start': 178, 'end': 196, 'probability': 0.99536429220543}], 'invoice-buyer': [{'text': '重庆昕昕金属制品有限公司', 'start': 122, 'end': 134, 'probability': 0.9941620257494606}], 'invoice-amt-num': [{'text': '（小写）￥103290.00', 'start': 489, 'end': 503, 'probability': 0.9794552073047775}], 'invoice-seller': [{'text': '重庆鑫赛金属材料有限公司', 'start': 510, 'end': 522, 'probability': 0.9942916660977374}], 'invoice-seller-id': [{'text': '91500112MA7FPJYX81', 'start': 530, 'end': 548, 'probability': 0.996163426619816}], 'invoice-amt-chn': [{'text': '壹拾万叁仟贰佰玖拾圆整', 'start': 477, 'end': 488, 'probability': 0.9992541782079556}], 'invoice-amt-not-tax': [{'text': '￥91407.08', 'start': 448, 'end': 457, 'probability': 0.9993388495733768}], 'invoice-amt-tax': [{'text': '￥11882.92', 'start': 458, 'end': 467, 'probability': 0.9980880224468365}]}
INFO:root:日期数据--['2023年02月15日']
INFO:root:大写数字--壹拾万叁仟贰佰玖拾圆整
INFO:root:执行合同任务
ERROR:root:172549848941500000001 Error: 'fileId'
